94314 96
11245 100
1246 57
22115 87
29163 64
84164 96
36195 50
71326 35
93214 85
61215 75
23461 78
25617 95
73114 74
21001 60
19816 77
18138 83
84201 94
16162 97
24067 68
39021 72
1246 57
11245 100
16162 97
18138 83
19816 77
21001 60
22115 87
23461 78
24067 68
25617 95
29163 64
36195 50
39021 72
61215 75
71326 35
73114 74
84164 96
84201 94
93214 85
94314 96
1246 57
11245 100
16162 97
18138 83
19816 77
21001 75
22115 87
23461 78
24067 68
25617 95
29163 64
36195 70
39021 72
61215 85
71326 65
73114 74
84164 96
84201 75
93214 85
94314 96
