==x-matrix==
  1  3  5
  7  9  0
  2  4  6
  8  0  1
  2  3  4
============


==========y-matrix==========
 -2 -5 -8  1  7  2  8
 -3 -6 -9  3  9  4  0
 -4 -7  0  5  0  6  1
============================


=================z-matrix=================
  -31  -58  -35   35   34   44   13
  -41  -89 -137   34  130   50   56
  -40  -76  -52   44   50   56   22
  -20  -47  -64   13   56   22   65
  -29  -56  -43   31   41   40   20
==========================================


              SUM X:	16
              SUM Y:	1
        SUMX + SUMY:	17
           SMALLEST:	-9



       Name:	Michael Villarreal
     Course:	Programming Fundamentals I
 Assignment:	Lab 5
  Generated:	2023-10-25 10:57


