---------STATISTICAL ANALYSIS---------

SCORES     DEV        DEV1         SD1
75        2.15      4.6225     0.14997
90      -12.85    165.1225    -0.89633
80       -2.85      8.1225    -0.19880
85       -7.85     61.6225    -0.54756
76        1.15      1.3225     0.08022
70        7.15     51.1225     0.49874
68        9.15     83.7225     0.63824
84       -6.85     46.9225    -0.47781
92      -14.85    220.5225    -1.03584
80       -2.85      8.1225    -0.19880
50       27.15    737.1225     1.89380
60       17.15    294.1225     1.19627
73        4.15     17.2225     0.28948
89      -11.85    140.4225    -0.82658
100     -22.85    522.1225    -1.59386
40       37.15   1380.1225     2.59134
75        2.15      4.6225     0.14997
76        1.15      1.3225     0.08022
94      -16.85    283.9225    -1.17534
86       -8.85     78.3225    -0.61732
Sum:------------------------------1543
Average:-------------------------77.15
Sum Standard Deviation:--------4110.55
Sum of Standard Score:---------------0
Standard Deviation:-----------14.33623
